
Aug 07, 2023 09:14:45.733 NEW SESSION
Aug 07, 2023 09:14:45.733 [12196:12160:0807/091445.732:ERROR:chrome_browser_cloud_management_controller.cc(162)] Cloud management controller initialization aborted as CBCM is not enabled.
Aug 07, 2023 09:14:45.842 [12196:12160:0807/091445.840:ERROR:assistance_home_client.cc(32)] File path C:\Users\Uexcel\AppData\Local\Microsoft\Edge\User Data\Default
Aug 07, 2023 09:14:46.450 [12196:12160:0807/091446.450:ERROR:edge_auth_errors.cc(487)] EDGE_IDENTITY: Get Default OS Account failed: Error: Primary Error: kTokenRequestFailed, Secondary Error: kTokenFetchUserInteractionRequired, Platform error: -2147023665, hex:800704cf, Error string: Error code: 0x800704cf, error message:Error
Aug 07, 2023 09:14:46.451 
Aug 07, 2023 09:14:49.459 [12196:12160:0807/091449.457:ERROR:fallback_task_provider.cc(124)] Every renderer should have at least one task provided by a primary task provider. If a "Renderer" fallback task is shown, it is a bug. If you have repro steps, please file a new bug and tag it as a dependency of crbug.com/739782.
Aug 07, 2023 09:14:54.80 [12196:12160:0807/091454.079:ERROR:CONSOLE(1)] "Failed to execute 'postMessage' on 'DOMWindow': The target origin provided ('https://edgeservices.bing.com') does not match the recipient window's origin ('edge://discover-chat').", source: edge://discover-chat/underside-chat.bundle.js (1)
Aug 07, 2023 09:14:54.131 [12196:12160:0807/091454.130:ERROR:CONSOLE(1)] "Failed to execute 'postMessage' on 'DOMWindow': The target origin provided ('https://edgeservices.bing.com') does not match the recipient window's origin ('edge://discover-chat').", source: edge://discover-chat/underside-chat.bundle.js (1)
Aug 07, 2023 09:14:54.137 [12196:12160:0807/091454.136:ERROR:CONSOLE(1)] "Failed to execute 'postMessage' on 'DOMWindow': The target origin provided ('https://edgeservices.bing.com') does not match the recipient window's origin ('edge://discover-chat').", source: edge://discover-chat/underside-chat.bundle.js (1)
Aug 07, 2023 09:14:54.137 [12196:12160:0807/091454.136:ERROR:CONSOLE(1)] "Failed to execute 'postMessage' on 'DOMWindow': The target origin provided ('https://edgeservices.bing.com') does not match the recipient window's origin ('edge://discover-chat').", source: edge://discover-chat/underside-chat.bundle.js (1)
Aug 07, 2023 09:14:57.84 [12196:12160:0807/091457.084:ERROR:CONSOLE(1)] "Failed to execute 'postMessage' on 'DOMWindow': The target origin provided ('https://edgeservices.bing.com') does not match the recipient window's origin ('edge://discover-chat').", source: edge://discover-chat/underside-chat.bundle.js (1)
Aug 07, 2023 09:14:57.116 [12196:12160:0807/091457.116:ERROR:CONSOLE(1)] "Failed to execute 'postMessage' on 'DOMWindow': The target origin provided ('https://edgeservices.bing.com') does not match the recipient window's origin ('edge://discover-chat').", source: edge://discover-chat/underside-chat.bundle.js (1)
Aug 07, 2023 09:14:57.119 [12196:12160:0807/091457.118:ERROR:CONSOLE(1)] "Failed to execute 'postMessage' on 'DOMWindow': The target origin provided ('https://edgeservices.bing.com') does not match the recipient window's origin ('edge://discover-chat').", source: edge://discover-chat/underside-chat.bundle.js (1)
Aug 07, 2023 09:14:57.120 [12196:12160:0807/091457.118:ERROR:CONSOLE(1)] "Failed to execute 'postMessage' on 'DOMWindow': The target origin provided ('https://edgeservices.bing.com') does not match the recipient window's origin ('edge://discover-chat').", source: edge://discover-chat/underside-chat.bundle.js (1)
Aug 07, 2023 09:15:05.787 [12196:12160:0807/091505.787:ERROR:smartscreen_dns_resolver.cc(110)] SmartScreenDnsResolver::OnComplete Error: -106 DidTimeOut: 0 URL: https://ntp.msn.com/edge/ntp?locale=en&title=New%20tab&dsp=1&sp=Bing&prerender=1
Aug 07, 2023 09:15:46.119 [12196:12160:0807/091546.118:ERROR:sitelist_downloader.cc(244)] Sitelist download failed: ERR_INTERNET_DISCONNECTED url=https://go.microsoft.com/fwlink/?linkid=2133855&bucket=46 cid=N/A status=-106
Aug 07, 2023 09:31:12.657 [12196:12160:0807/093112.657:ERROR:fallback_task_provider.cc(124)] Every renderer should have at least one task provided by a primary task provider. If a "Renderer" fallback task is shown, it is a bug. If you have repro steps, please file a new bug and tag it as a dependency of crbug.com/739782.
Aug 07, 2023 09:31:13.906 [12196:12160:0807/093113.906:ERROR:smartscreen_dns_resolver.cc(110)] SmartScreenDnsResolver::OnComplete Error: -7 DidTimeOut: 1 URL: https://edgeservices.bing.com/edgesvc/shell?&darkschemeovr=1&FORM=SHORUN&udscs=1&udsnav=1&setlang=en-US&clientscopes=noheader,coauthor,chat,visibilitypm,docvisibility,channelstable,&copilotsupported=0,&browserversion=115.0.1901.188,&udsframed=1
Aug 07, 2023 09:34:25.152 [12196:12160:0807/093425.151:ERROR:interface_endpoint_client.cc(702)] Message 0 rejected by interface blink.mojom.WidgetHost
Aug 07, 2023 09:34:25.873 [12196:12160:0807/093425.873:ERROR:fallback_task_provider.cc(124)] Every renderer should have at least one task provided by a primary task provider. If a "Renderer" fallback task is shown, it is a bug. If you have repro steps, please file a new bug and tag it as a dependency of crbug.com/739782.
Aug 07, 2023 09:34:32.889 [12196:12160:0807/093432.889:ERROR:fallback_task_provider.cc(124)] Every renderer should have at least one task provided by a primary task provider. If a "Renderer" fallback task is shown, it is a bug. If you have repro steps, please file a new bug and tag it as a dependency of crbug.com/739782.
Aug 07, 2023 09:34:35.316 [12196:12160:0807/093435.315:ERROR:fallback_task_provider.cc(124)] Every renderer should have at least one task provided by a primary task provider. If a "Renderer" fallback task is shown, it is a bug. If you have repro steps, please file a new bug and tag it as a dependency of crbug.com/739782.

Aug 07, 2023 14:22:54.903 NEW SESSION
Aug 07, 2023 14:22:54.903 [11352:17540:0807/142254.901:ERROR:chrome_browser_cloud_management_controller.cc(162)] Cloud management controller initialization aborted as CBCM is not enabled.
Aug 07, 2023 14:22:54.998 [11352:17540:0807/142254.997:ERROR:assistance_home_client.cc(32)] File path C:\Users\Uexcel\AppData\Local\Microsoft\Edge\User Data\Default
Aug 07, 2023 14:22:56.139 [11352:4684:0807/142256.139:ERROR:get_updates_processor.cc(315)] PostClientToServerMessage() failed during GetUpdates with error 103
Aug 07, 2023 14:22:58.464 [11352:17540:0807/142258.463:ERROR:fallback_task_provider.cc(124)] Every renderer should have at least one task provided by a primary task provider. If a "Renderer" fallback task is shown, it is a bug. If you have repro steps, please file a new bug and tag it as a dependency of crbug.com/739782.

Aug 08, 2023 12:22:24.754 NEW SESSION
Aug 08, 2023 12:22:24.754 [3080:23172:0808/122224.749:ERROR:chrome_browser_cloud_management_controller.cc(162)] Cloud management controller initialization aborted as CBCM is not enabled.
Aug 08, 2023 12:22:24.861 [3080:23172:0808/122224.861:ERROR:assistance_home_client.cc(32)] File path C:\Users\Uexcel\AppData\Local\Microsoft\Edge\User Data\Default
Aug 08, 2023 12:22:25.486 [3080:23172:0808/122225.485:ERROR:edge_auth_errors.cc(487)] EDGE_IDENTITY: Get Default OS Account failed: Error: Primary Error: kTokenRequestFailed, Secondary Error: kTokenFetchUserInteractionRequired, Platform error: -2147023665, hex:800704cf, Error string: Error code: 0x800704cf, error message:Error
Aug 08, 2023 12:22:25.487 
Aug 08, 2023 12:22:28.458 [3080:23172:0808/122228.457:ERROR:fallback_task_provider.cc(124)] Every renderer should have at least one task provided by a primary task provider. If a "Renderer" fallback task is shown, it is a bug. If you have repro steps, please file a new bug and tag it as a dependency of crbug.com/739782.
Aug 08, 2023 12:22:35.21 [3080:23172:0808/122235.021:ERROR:CONSOLE(1)] "Failed to execute 'postMessage' on 'DOMWindow': The target origin provided ('https://edgeservices.bing.com') does not match the recipient window's origin ('edge://discover-chat').", source: edge://discover-chat/underside-chat.bundle.js (1)
Aug 08, 2023 12:22:35.85 [3080:23172:0808/122235.085:ERROR:CONSOLE(1)] "Failed to execute 'postMessage' on 'DOMWindow': The target origin provided ('https://edgeservices.bing.com') does not match the recipient window's origin ('edge://discover-chat').", source: edge://discover-chat/underside-chat.bundle.js (1)
Aug 08, 2023 12:22:35.96 [3080:23172:0808/122235.085:ERROR:CONSOLE(1)] "Failed to execute 'postMessage' on 'DOMWindow': The target origin provided ('https://edgeservices.bing.com') does not match the recipient window's origin ('edge://discover-chat').", source: edge://discover-chat/underside-chat.bundle.js (1)
Aug 08, 2023 12:22:35.101 [3080:23172:0808/122235.098:ERROR:CONSOLE(1)] "Failed to execute 'postMessage' on 'DOMWindow': The target origin provided ('https://edgeservices.bing.com') does not match the recipient window's origin ('edge://discover-chat').", source: edge://discover-chat/underside-chat.bundle.js (1)
Aug 08, 2023 12:22:35.101 [3080:23172:0808/122235.098:ERROR:CONSOLE(1)] "Failed to execute 'postMessage' on 'DOMWindow': The target origin provided ('https://edgeservices.bing.com') does not match the recipient window's origin ('edge://discover-chat').", source: edge://discover-chat/underside-chat.bundle.js (1)
Aug 08, 2023 12:22:36.734 [3080:23172:0808/122236.721:ERROR:smartscreen_dns_resolver.cc(110)] SmartScreenDnsResolver::OnComplete Error: -106 DidTimeOut: 0 URL: https://ntp.msn.com/edge/ntp?locale=en&title=New%20tab&dsp=1&sp=Bing&prerender=1

Aug 08, 2023 21:18:39.805 NEW SESSION
Aug 08, 2023 21:18:39.805 [19516:19956:0808/211839.804:ERROR:chrome_browser_cloud_management_controller.cc(162)] Cloud management controller initialization aborted as CBCM is not enabled.
Aug 08, 2023 21:18:39.922 [19516:19956:0808/211839.922:ERROR:assistance_home_client.cc(32)] File path C:\Users\Uexcel\AppData\Local\Microsoft\Edge\User Data\Default
Aug 08, 2023 21:18:43.557 [19516:19956:0808/211843.557:ERROR:fallback_task_provider.cc(124)] Every renderer should have at least one task provided by a primary task provider. If a "Renderer" fallback task is shown, it is a bug. If you have repro steps, please file a new bug and tag it as a dependency of crbug.com/739782.
Aug 08, 2023 21:18:47.252 [19516:19956:0808/211847.251:ERROR:CONSOLE(1)] "Failed to execute 'postMessage' on 'DOMWindow': The target origin provided ('https://edgeservices.bing.com') does not match the recipient window's origin ('edge://discover-chat').", source: edge://discover-chat/underside-chat.bundle.js (1)
Aug 08, 2023 21:18:47.291 [19516:19956:0808/211847.291:ERROR:CONSOLE(1)] "Failed to execute 'postMessage' on 'DOMWindow': The target origin provided ('https://edgeservices.bing.com') does not match the recipient window's origin ('edge://discover-chat').", source: edge://discover-chat/underside-chat.bundle.js (1)
Aug 08, 2023 21:18:47.299 [19516:19956:0808/211847.297:ERROR:CONSOLE(1)] "Failed to execute 'postMessage' on 'DOMWindow': The target origin provided ('https://edgeservices.bing.com') does not match the recipient window's origin ('edge://discover-chat').", source: edge://discover-chat/underside-chat.bundle.js (1)
Aug 08, 2023 21:18:47.300 [19516:19956:0808/211847.299:ERROR:CONSOLE(1)] "Failed to execute 'postMessage' on 'DOMWindow': The target origin provided ('https://edgeservices.bing.com') does not match the recipient window's origin ('edge://discover-chat').", source: edge://discover-chat/underside-chat.bundle.js (1)
Aug 08, 2023 21:19:23.58 [19516:19956:0808/211923.057:ERROR:smartscreen_dns_resolver.cc(110)] SmartScreenDnsResolver::OnComplete Error: -106 DidTimeOut: 0 URL: https://ntp.msn.com/edge/ntp?locale=en&title=New%20tab&dsp=1&sp=Bing&prerender=1
Aug 08, 2023 21:19:40.220 [19516:19956:0808/211940.218:ERROR:sitelist_downloader.cc(244)] Sitelist download failed: ERR_INTERNET_DISCONNECTED url=https://go.microsoft.com/fwlink/?linkid=2133855&bucket=46 cid=N/A status=-106
Aug 08, 2023 21:20:53.149 [19516:19956:0808/212053.148:ERROR:CONSOLE(1)] "Failed to execute 'postMessage' on 'DOMWindow': The target origin provided ('https://edgeservices.bing.com') does not match the recipient window's origin ('edge://discover-chat').", source: edge://discover-chat/underside-chat.bundle.js (1)
Aug 08, 2023 21:20:53.211 [19516:19956:0808/212053.210:ERROR:CONSOLE(1)] "Failed to execute 'postMessage' on 'DOMWindow': The target origin provided ('https://edgeservices.bing.com') does not match the recipient window's origin ('edge://discover-chat').", source: edge://discover-chat/underside-chat.bundle.js (1)
Aug 08, 2023 21:20:53.212 [19516:19956:0808/212053.211:ERROR:CONSOLE(1)] "Failed to execute 'postMessage' on 'DOMWindow': The target origin provided ('https://edgeservices.bing.com') does not match the recipient window's origin ('edge://discover-chat').", source: edge://discover-chat/underside-chat.bundle.js (1)
Aug 08, 2023 21:20:53.236 [19516:19956:0808/212053.231:ERROR:CONSOLE(1)] "Failed to execute 'postMessage' on 'DOMWindow': The target origin provided ('https://edgeservices.bing.com') does not match the recipient window's origin ('edge://discover-chat').", source: edge://discover-chat/underside-chat.bundle.js (1)
Aug 08, 2023 21:20:53.242 [19516:19956:0808/212053.241:ERROR:CONSOLE(1)] "Failed to execute 'postMessage' on 'DOMWindow': The target origin provided ('https://edgeservices.bing.com') does not match the recipient window's origin ('edge://discover-chat').", source: edge://discover-chat/underside-chat.bundle.js (1)
